2025-09-01 01:48:19.742 [info] Extension host with pid 2388 started
2025-09-01 01:48:20.475 [info] ExtensionService#_doActivateExtension vscode.git-base, startup: true, activationEvent: '*', root cause: vscode.git
2025-09-01 01:48:20.819 [info] ExtensionService#_doActivateExtension vscode.git, startup: true, activationEvent: '*'
2025-09-01 01:48:21.170 [info] ExtensionService#_doActivateExtension vscode.github, startup: true, activationEvent: '*'
2025-09-01 01:48:22.133 [info] Eager extensions activated
2025-09-01 01:48:22.249 [info] ExtensionService#_doActivateExtension vscode.debug-auto-launch, startup: false, activationEvent: 'onStartupFinished'
2025-09-01 01:48:22.264 [info] ExtensionService#_doActivateExtension vscode.merge-conflict, startup: false, activationEvent: 'onStartupFinished'
2025-09-01 01:48:22.654 [info] Extension host terminating: renderer closed the MessagePort
2025-09-01 01:48:22.694 [info] Extension host with pid 2388 exiting with code 0
2025-09-01 01:48:30.023 [info] Extension host with pid 2438 started
2025-09-01 01:48:30.023 [info] Skipping acquiring lock for /home/harry/.config/Code - OSS/User/workspaceStorage/937e49fbe9df78a8073dced82332db1f.
2025-09-01 01:48:30.361 [info] ExtensionService#_doActivateExtension vscode.git-base, startup: true, activationEvent: '*'
2025-09-01 01:48:30.575 [info] ExtensionService#_doActivateExtension vscode.github, startup: true, activationEvent: '*'
2025-09-01 01:48:31.081 [info] Eager extensions activated
2025-09-01 01:48:31.119 [info] ExtensionService#_doActivateExtension vscode.debug-auto-launch, startup: false, activationEvent: 'onStartupFinished'
2025-09-01 01:48:31.148 [info] ExtensionService#_doActivateExtension vscode.merge-conflict, startup: false, activationEvent: 'onStartupFinished'
2025-09-01 01:48:31.951 [info] ExtensionService#_doActivateExtension vscode.git, startup: false, activationEvent: 'api', root cause: vscode.github
2025-09-01 01:48:33.380 [info] ExtensionService#_doActivateExtension vscode.emmet, startup: false, activationEvent: 'onLanguage'
2025-09-01 01:48:34.345 [info] ExtensionService#_doActivateExtension vscode.github-authentication, startup: false, activationEvent: 'onAuthenticationRequest:github'
2025-09-01 01:49:01.122 [info] ExtensionService#_doActivateExtension vscode.configuration-editing, startup: false, activationEvent: 'onLanguage:json'
2025-09-01 01:49:01.201 [info] ExtensionService#_doActivateExtension vscode.extension-editing, startup: false, activationEvent: 'onLanguage:json'
2025-09-01 01:49:01.293 [info] ExtensionService#_doActivateExtension vscode.json-language-features, startup: false, activationEvent: 'onLanguage:json'
2025-09-01 01:49:01.743 [info] ExtensionService#_doActivateExtension vscode.npm, startup: false, activationEvent: 'onLanguage:json'
2025-09-01 01:56:05.620 [info] ExtensionService#_doActivateExtension vscode.css-language-features, startup: false, activationEvent: 'onLanguage:css'
