2025-09-01 00:37:20.343 [info] [main] Log level: Info
2025-09-01 00:37:20.343 [info] [main] Validating found git in: "git"
2025-09-01 00:37:20.343 [info] [main] Using git "2.51.0" from "git"
2025-09-01 00:37:20.343 [info] [Model][doInitialScan] Initial repository scan started
2025-09-01 00:37:20.343 [info] > git rev-parse --show-toplevel [17ms]
2025-09-01 00:37:20.343 [info] fatal: not a git repository (or any parent up to mount point /)
Stopping at filesystem boundary (GIT_DISCOVERY_ACROSS_FILESYSTEM not set).
2025-09-01 00:37:20.343 [info] > git rev-parse --show-toplevel [20ms]
2025-09-01 00:37:20.343 [info] fatal: not a git repository (or any parent up to mount point /)
Stopping at filesystem boundary (GIT_DISCOVERY_ACROSS_FILESYSTEM not set).
2025-09-01 00:37:20.343 [info] > git rev-parse --show-toplevel [11ms]
2025-09-01 00:37:20.343 [info] fatal: not a git repository (or any parent up to mount point /)
Stopping at filesystem boundary (GIT_DISCOVERY_ACROSS_FILESYSTEM not set).
2025-09-01 00:37:20.343 [info] [Model][doInitialScan] Initial repository scan completed - repositories (0), closed repositories (0), parent repositories (0), unsafe repositories (0)
2025-09-01 00:37:20.846 [info] > git rev-parse --show-toplevel [5ms]
2025-09-01 00:37:20.846 [info] fatal: not a git repository (or any parent up to mount point /)
Stopping at filesystem boundary (GIT_DISCOVERY_ACROSS_FILESYSTEM not set).
2025-09-01 00:37:22.053 [info] > git rev-parse --show-toplevel [65ms]
2025-09-01 00:37:22.054 [info] fatal: not a git repository (or any parent up to mount point /)
Stopping at filesystem boundary (GIT_DISCOVERY_ACROSS_FILESYSTEM not set).
2025-09-01 00:37:22.415 [info] > git rev-parse --show-toplevel [8ms]
2025-09-01 00:37:22.415 [info] fatal: not a git repository (or any parent up to mount point /)
Stopping at filesystem boundary (GIT_DISCOVERY_ACROSS_FILESYSTEM not set).
2025-09-01 00:37:38.300 [info] > git rev-parse --show-toplevel [7ms]
2025-09-01 00:37:38.300 [info] fatal: not a git repository (or any parent up to mount point /)
Stopping at filesystem boundary (GIT_DISCOVERY_ACROSS_FILESYSTEM not set).
2025-09-01 00:47:53.998 [info] > git rev-parse --show-toplevel [5ms]
2025-09-01 00:47:53.999 [info] fatal: not a git repository (or any parent up to mount point /)
Stopping at filesystem boundary (GIT_DISCOVERY_ACROSS_FILESYSTEM not set).
2025-09-01 00:47:56.790 [info] > git rev-parse --show-toplevel [7ms]
2025-09-01 00:47:56.790 [info] fatal: not a git repository (or any parent up to mount point /)
Stopping at filesystem boundary (GIT_DISCOVERY_ACROSS_FILESYSTEM not set).
2025-09-01 00:48:04.372 [info] > git rev-parse --show-toplevel [7ms]
2025-09-01 00:48:04.372 [info] fatal: not a git repository (or any parent up to mount point /)
Stopping at filesystem boundary (GIT_DISCOVERY_ACROSS_FILESYSTEM not set).
2025-09-01 00:50:55.539 [info] > git rev-parse --show-toplevel [6ms]
2025-09-01 00:50:55.539 [info] fatal: not a git repository (or any parent up to mount point /)
Stopping at filesystem boundary (GIT_DISCOVERY_ACROSS_FILESYSTEM not set).
