2025-09-01 01:48:22.050 [info] [main] Log level: Info
2025-09-01 01:48:22.050 [info] [main] Validating found git in: "git"
2025-09-01 01:48:22.050 [info] [main] Using git "2.51.0" from "git"
2025-09-01 01:48:22.050 [info] [Model][doInitialScan] Initial repository scan started
2025-09-01 01:48:22.050 [info] [Model][doInitialScan] Initial repository scan completed - repositories (0), closed repositories (0), parent repositories (0), unsafe repositories (0)
2025-09-01 01:48:32.872 [info] [main] Log level: Info
2025-09-01 01:48:32.872 [info] [main] Validating found git in: "git"
2025-09-01 01:48:32.872 [info] [main] Using git "2.51.0" from "git"
2025-09-01 01:48:32.872 [info] [Model][doInitialScan] Initial repository scan started
2025-09-01 01:48:32.872 [info] > git rev-parse --show-toplevel [16ms]
2025-09-01 01:48:32.872 [info] fatal: not a git repository (or any parent up to mount point /)
Stopping at filesystem boundary (GIT_DISCOVERY_ACROSS_FILESYSTEM not set).
2025-09-01 01:48:32.921 [info] > git rev-parse --show-toplevel [6ms]
2025-09-01 01:48:32.921 [info] fatal: not a git repository (or any parent up to mount point /)
Stopping at filesystem boundary (GIT_DISCOVERY_ACROSS_FILESYSTEM not set).
2025-09-01 01:48:32.949 [info] > git rev-parse --show-toplevel [8ms]
2025-09-01 01:48:32.950 [info] fatal: not a git repository (or any parent up to mount point /)
Stopping at filesystem boundary (GIT_DISCOVERY_ACROSS_FILESYSTEM not set).
2025-09-01 01:48:32.969 [info] > git rev-parse --show-toplevel [4ms]
2025-09-01 01:48:32.969 [info] fatal: not a git repository (or any parent up to mount point /)
Stopping at filesystem boundary (GIT_DISCOVERY_ACROSS_FILESYSTEM not set).
2025-09-01 01:48:32.992 [info] > git rev-parse --show-toplevel [6ms]
2025-09-01 01:48:32.992 [info] fatal: not a git repository (or any parent up to mount point /)
Stopping at filesystem boundary (GIT_DISCOVERY_ACROSS_FILESYSTEM not set).
2025-09-01 01:48:33.013 [info] > git rev-parse --show-toplevel [6ms]
2025-09-01 01:48:33.013 [info] fatal: not a git repository (or any parent up to mount point /)
Stopping at filesystem boundary (GIT_DISCOVERY_ACROSS_FILESYSTEM not set).
2025-09-01 01:48:33.039 [info] > git rev-parse --show-toplevel [6ms]
2025-09-01 01:48:33.039 [info] fatal: not a git repository (or any parent up to mount point /)
Stopping at filesystem boundary (GIT_DISCOVERY_ACROSS_FILESYSTEM not set).
2025-09-01 01:48:33.061 [info] > git rev-parse --show-toplevel [6ms]
2025-09-01 01:48:33.062 [info] fatal: not a git repository (or any parent up to mount point /)
Stopping at filesystem boundary (GIT_DISCOVERY_ACROSS_FILESYSTEM not set).
2025-09-01 01:48:33.089 [info] > git rev-parse --show-toplevel [9ms]
2025-09-01 01:48:33.132 [info] > git rev-parse --git-dir --git-common-dir --show-superproject-working-tree [21ms]
2025-09-01 01:48:33.202 [info] [Model][openRepository] Opened repository (path): /home/harry/.oh-my-zsh
2025-09-01 01:48:33.202 [info] [Model][openRepository] Opened repository (real path): /home/harry/.oh-my-zsh
2025-09-01 01:48:33.202 [info] [Model][openRepository] Opened repository (kind): repository
2025-09-01 01:48:33.267 [info] > git rev-parse --show-toplevel [16ms]
2025-09-01 01:48:33.268 [info] fatal: not a git repository (or any parent up to mount point /)
Stopping at filesystem boundary (GIT_DISCOVERY_ACROSS_FILESYSTEM not set).
2025-09-01 01:48:33.272 [info] > git config --get commit.template [35ms]
2025-09-01 01:48:33.337 [info] > git rev-parse --show-toplevel [42ms]
2025-09-01 01:48:33.337 [info] fatal: not a git repository (or any parent up to mount point /)
Stopping at filesystem boundary (GIT_DISCOVERY_ACROSS_FILESYSTEM not set).
2025-09-01 01:48:33.366 [info] > git for-each-ref --format=%(refname)%00%(upstream:short)%00%(objectname)%00%(upstream:track)%00%(upstream:remotename)%00%(upstream:remoteref) refs/heads/master refs/remotes/master [46ms]
2025-09-01 01:48:33.512 [info] > git rev-parse --show-toplevel [151ms]
2025-09-01 01:48:33.512 [info] fatal: not a git repository (or any parent up to mount point /)
Stopping at filesystem boundary (GIT_DISCOVERY_ACROSS_FILESYSTEM not set).
2025-09-01 01:48:33.639 [info] > git rev-parse --show-toplevel [14ms]
2025-09-01 01:48:33.639 [info] fatal: not a git repository (or any parent up to mount point /)
Stopping at filesystem boundary (GIT_DISCOVERY_ACROSS_FILESYSTEM not set).
2025-09-01 01:48:33.774 [info] > git rev-parse --show-toplevel [15ms]
2025-09-01 01:48:33.774 [info] fatal: not a git repository (or any parent up to mount point /)
Stopping at filesystem boundary (GIT_DISCOVERY_ACROSS_FILESYSTEM not set).
2025-09-01 01:48:33.775 [info] > git for-each-ref --sort -committerdate --format %(refname)%00%(objectname)%00%(*objectname) [46ms]
2025-09-01 01:48:33.820 [info] > git rev-parse --show-toplevel [19ms]
2025-09-01 01:48:33.820 [info] fatal: this operation must be run in a work tree
2025-09-01 01:48:33.822 [info] [Model][doInitialScan] Initial repository scan completed - repositories (1), closed repositories (0), parent repositories (0), unsafe repositories (0)
2025-09-01 01:48:33.906 [info] > git check-ignore -v -z --stdin [11ms]
2025-09-01 01:48:34.122 [info] > git status -z -uall [444ms]
2025-09-01 01:48:34.295 [info] > git for-each-ref --format=%(refname)%00%(upstream:short)%00%(objectname)%00%(upstream:track)%00%(upstream:remotename)%00%(upstream:remoteref) refs/heads/master refs/remotes/master [28ms]
2025-09-01 01:48:34.324 [info] > git config --get --local branch.master.vscode-merge-base [13ms]
2025-09-01 01:48:34.325 [warning] [Git][config] git config failed: Failed to execute git
2025-09-01 01:48:34.341 [info] > git config --get commit.template [48ms]
2025-09-01 01:48:34.490 [info] > git reflog master --grep-reflog=branch: Created from *. [149ms]
2025-09-01 01:48:34.520 [info] > git for-each-ref --format=%(refname)%00%(upstream:short)%00%(objectname)%00%(upstream:track)%00%(upstream:remotename)%00%(upstream:remoteref) refs/heads/origin/master refs/remotes/origin/master [17ms]
2025-09-01 01:48:34.538 [info] > git for-each-ref --format=%(refname)%00%(upstream:short)%00%(objectname)%00%(upstream:track)%00%(upstream:remotename)%00%(upstream:remoteref) refs/heads/master refs/remotes/master [51ms]
2025-09-01 01:48:34.546 [info] > git config --add --local branch.master.vscode-merge-base origin/master [9ms]
2025-09-01 01:48:34.597 [info] > git config --get commit.template [19ms]
2025-09-01 01:48:34.619 [info] > git for-each-ref --format=%(refname)%00%(upstream:short)%00%(objectname)%00%(upstream:track)%00%(upstream:remotename)%00%(upstream:remoteref) refs/heads/master refs/remotes/master [7ms]
2025-09-01 01:48:34.661 [info] > git for-each-ref --sort -committerdate --format %(refname)%00%(objectname)%00%(*objectname) [11ms]
2025-09-01 01:48:34.819 [info] > git status -z -uall [186ms]
2025-09-01 01:48:34.867 [info] > git merge-base refs/heads/master refs/remotes/origin/master [20ms]
2025-09-01 01:48:34.889 [info] > git merge-base refs/heads/master refs/remotes/origin/master [25ms]
2025-09-01 01:48:34.906 [info] > git diff --name-status -z --diff-filter=ADMR 2525dae6613652ec9cb572bdc2fdf80ef837a967...refs/remotes/origin/master [24ms]
2025-09-01 01:48:34.911 [info] > git diff --name-status -z --diff-filter=ADMR 2525dae6613652ec9cb572bdc2fdf80ef837a967...refs/remotes/origin/master [8ms]
2025-09-01 01:48:57.455 [info] > git rev-parse --show-toplevel [6ms]
2025-09-01 01:48:57.456 [info] fatal: not a git repository (or any parent up to mount point /)
Stopping at filesystem boundary (GIT_DISCOVERY_ACROSS_FILESYSTEM not set).
2025-09-01 01:51:04.450 [info] > git rev-parse --show-toplevel [4ms]
2025-09-01 01:51:04.471 [info] > git rev-parse --git-dir --git-common-dir --show-superproject-working-tree [8ms]
2025-09-01 01:51:04.498 [info] [Model][openRepository] Opened repository (path): /home/harry/.cache/yay/bluetuith
2025-09-01 01:51:04.498 [info] [Model][openRepository] Opened repository (real path): /home/harry/.cache/yay/bluetuith
2025-09-01 01:51:04.498 [info] [Model][openRepository] Opened repository (kind): repository
2025-09-01 01:51:04.522 [info] > git config --get commit.template [6ms]
2025-09-01 01:51:04.551 [info] > git for-each-ref --format=%(refname)%00%(upstream:short)%00%(objectname)%00%(upstream:track)%00%(upstream:remotename)%00%(upstream:remoteref) refs/heads/master refs/remotes/master [8ms]
2025-09-01 01:51:04.567 [warning] [Git][revParse] Unable to read file: ENOENT: no such file or directory, open '/home/harry/.cache/yay/bluetuith/.git/refs/remotes/origin/master'
2025-09-01 01:51:04.574 [info] > git rev-parse refs/remotes/origin/master [7ms]
2025-09-01 01:51:04.611 [info] > git status -z -uall [24ms]
2025-09-01 01:51:04.615 [info] > git for-each-ref --sort -committerdate --format %(refname)%00%(objectname)%00%(*objectname) [12ms]
2025-09-01 01:51:04.678 [info] > git for-each-ref --format=%(refname)%00%(upstream:short)%00%(objectname)%00%(upstream:track)%00%(upstream:remotename)%00%(upstream:remoteref) refs/heads/master refs/remotes/master [33ms]
2025-09-01 01:51:04.701 [info] > git config --get --local branch.master.vscode-merge-base [9ms]
2025-09-01 01:51:04.701 [warning] [Git][config] git config failed: Failed to execute git
2025-09-01 01:51:04.714 [info] > git config --get commit.template [38ms]
2025-09-01 01:51:04.729 [info] > git reflog master --grep-reflog=branch: Created from *. [16ms]
2025-09-01 01:51:04.744 [info] > git for-each-ref --format=%(refname)%00%(upstream:short)%00%(objectname)%00%(upstream:track)%00%(upstream:remotename)%00%(upstream:remoteref) refs/heads/master refs/remotes/master [18ms]
2025-09-01 01:51:04.758 [warning] [Git][revParse] Unable to read file: ENOENT: no such file or directory, open '/home/harry/.cache/yay/bluetuith/.git/refs/remotes/origin/master'
2025-09-01 01:51:04.760 [info] > git symbolic-ref --short refs/remotes/origin/HEAD [18ms]
2025-09-01 01:51:04.773 [info] > git rev-parse refs/remotes/origin/master [15ms]
2025-09-01 01:51:04.811 [info] > git status -z -uall [24ms]
2025-09-01 01:51:04.813 [info] > git for-each-ref --format=%(refname)%00%(upstream:short)%00%(objectname)%00%(upstream:track)%00%(upstream:remotename)%00%(upstream:remoteref) refs/heads/origin/master refs/remotes/origin/master [42ms]
2025-09-01 01:51:04.838 [info] > git for-each-ref --sort -committerdate --format %(refname)%00%(objectname)%00%(*objectname) [35ms]
2025-09-01 01:51:04.853 [info] > git config --add --local branch.master.vscode-merge-base origin/master [18ms]
2025-09-01 01:51:04.886 [info] > git config --get commit.template [10ms]
2025-09-01 01:51:04.906 [info] > git for-each-ref --format=%(refname)%00%(upstream:short)%00%(objectname)%00%(upstream:track)%00%(upstream:remotename)%00%(upstream:remoteref) refs/heads/master refs/remotes/master [7ms]
2025-09-01 01:51:04.922 [warning] [Git][revParse] Unable to read file: ENOENT: no such file or directory, open '/home/harry/.cache/yay/bluetuith/.git/refs/remotes/origin/master'
2025-09-01 01:51:04.927 [info] > git rev-parse refs/remotes/origin/master [6ms]
2025-09-01 01:51:04.956 [info] > git status -z -uall [15ms]
2025-09-01 01:51:04.962 [info] > git for-each-ref --sort -committerdate --format %(refname)%00%(objectname)%00%(*objectname) [6ms]
2025-09-01 01:51:05.006 [info] > git merge-base refs/heads/master refs/remotes/origin/master [23ms]
2025-09-01 01:51:05.023 [info] > git merge-base refs/heads/master refs/remotes/origin/master [25ms]
2025-09-01 01:51:05.039 [info] > git diff --name-status -z --diff-filter=ADMR 13ab22e32c051a011be84e9c9af51a694d0b223d...refs/remotes/origin/master [20ms]
2025-09-01 01:51:05.043 [info] > git diff --name-status -z --diff-filter=ADMR 13ab22e32c051a011be84e9c9af51a694d0b223d...refs/remotes/origin/master [6ms]
2025-09-01 01:51:05.184 [info] > git check-ignore -v -z --stdin [7ms]
2025-09-01 01:55:11.277 [info] > git config --get commit.template [48ms]
2025-09-01 01:55:11.649 [info] > git for-each-ref --format=%(refname)%00%(upstream:short)%00%(objectname)%00%(upstream:track)%00%(upstream:remotename)%00%(upstream:remoteref) refs/heads/master refs/remotes/master [129ms]
2025-09-01 01:55:11.784 [warning] [Git][revParse] Unable to read file: ENOENT: no such file or directory, open '/home/harry/.cache/yay/bluetuith/.git/refs/remotes/origin/master'
2025-09-01 01:55:11.799 [info] > git rev-parse refs/remotes/origin/master [15ms]
2025-09-01 01:55:11.870 [info] > git status -z -uall [48ms]
2025-09-01 01:55:11.878 [info] > git for-each-ref --sort -committerdate --format %(refname)%00%(objectname)%00%(*objectname) [17ms]
2025-09-01 01:55:16.959 [info] > git config --get commit.template [21ms]
2025-09-01 01:55:16.963 [info] > git for-each-ref --format=%(refname)%00%(upstream:short)%00%(objectname)%00%(upstream:track)%00%(upstream:remotename)%00%(upstream:remoteref) refs/heads/master refs/remotes/master [9ms]
2025-09-01 01:55:16.978 [warning] [Git][revParse] Unable to read file: ENOENT: no such file or directory, open '/home/harry/.cache/yay/bluetuith/.git/refs/remotes/origin/master'
2025-09-01 01:55:16.983 [info] > git rev-parse refs/remotes/origin/master [6ms]
2025-09-01 01:55:17.022 [info] > git status -z -uall [25ms]
2025-09-01 01:55:17.026 [info] > git for-each-ref --sort -committerdate --format %(refname)%00%(objectname)%00%(*objectname) [11ms]
2025-09-01 01:56:03.770 [info] > git rev-parse --show-toplevel [11ms]
2025-09-01 01:56:03.770 [info] fatal: not a git repository (or any parent up to mount point /)
Stopping at filesystem boundary (GIT_DISCOVERY_ACROSS_FILESYSTEM not set).
2025-09-01 01:56:24.044 [info] > git config --get commit.template [31ms]
2025-09-01 01:56:24.052 [info] > git for-each-ref --format=%(refname)%00%(upstream:short)%00%(objectname)%00%(upstream:track)%00%(upstream:remotename)%00%(upstream:remoteref) refs/heads/master refs/remotes/master [17ms]
2025-09-01 01:56:24.070 [warning] [Git][revParse] Unable to read file: ENOENT: no such file or directory, open '/home/harry/.cache/yay/bluetuith/.git/refs/remotes/origin/master'
2025-09-01 01:56:24.113 [info] > git rev-parse refs/remotes/origin/master [43ms]
2025-09-01 01:56:24.251 [info] > git status -z -uall [116ms]
2025-09-01 01:56:24.634 [info] > git for-each-ref --sort -committerdate --format %(refname)%00%(objectname)%00%(*objectname) [419ms]
2025-09-01 01:57:18.386 [info] > git config --get commit.template [9ms]
2025-09-01 01:57:18.416 [info] > git for-each-ref --format=%(refname)%00%(upstream:short)%00%(objectname)%00%(upstream:track)%00%(upstream:remotename)%00%(upstream:remoteref) refs/heads/master refs/remotes/master [11ms]
2025-09-01 01:57:18.440 [warning] [Git][revParse] Unable to read file: ENOENT: no such file or directory, open '/home/harry/.cache/yay/bluetuith/.git/refs/remotes/origin/master'
2025-09-01 01:57:18.450 [info] > git rev-parse refs/remotes/origin/master [10ms]
2025-09-01 01:57:18.511 [info] > git status -z -uall [40ms]
2025-09-01 01:57:18.537 [info] > git for-each-ref --sort -committerdate --format %(refname)%00%(objectname)%00%(*objectname) [34ms]
2025-09-01 01:57:23.141 [info] > git rev-parse --show-toplevel [8ms]
2025-09-01 01:57:23.142 [info] fatal: not a git repository (or any parent up to mount point /)
Stopping at filesystem boundary (GIT_DISCOVERY_ACROSS_FILESYSTEM not set).
2025-09-01 02:04:25.662 [info] > git rev-parse --show-toplevel [13ms]
2025-09-01 02:04:25.662 [info] fatal: not a git repository (or any parent up to mount point /)
Stopping at filesystem boundary (GIT_DISCOVERY_ACROSS_FILESYSTEM not set).
