2025-09-01 01:38:11.186 [info] [main] Log level: Info
2025-09-01 01:38:11.186 [info] [main] Validating found git in: "git"
2025-09-01 01:38:11.186 [info] [main] Using git "2.51.0" from "git"
2025-09-01 01:38:11.186 [info] [Model][doInitialScan] Initial repository scan started
2025-09-01 01:38:11.186 [info] > git rev-parse --show-toplevel [98ms]
2025-09-01 01:38:11.186 [info] fatal: not a git repository (or any parent up to mount point /)
Stopping at filesystem boundary (GIT_DISCOVERY_ACROSS_FILESYSTEM not set).
2025-09-01 01:38:11.186 [info] > git rev-parse --show-toplevel [29ms]
2025-09-01 01:38:11.186 [info] fatal: not a git repository (or any parent up to mount point /)
Stopping at filesystem boundary (GIT_DISCOVERY_ACROSS_FILESYSTEM not set).
2025-09-01 01:38:11.186 [info] > git rev-parse --show-toplevel [11ms]
2025-09-01 01:38:11.186 [info] fatal: not a git repository (or any parent up to mount point /)
Stopping at filesystem boundary (GIT_DISCOVERY_ACROSS_FILESYSTEM not set).
2025-09-01 01:38:11.186 [info] [Model][doInitialScan] Initial repository scan completed - repositories (0), closed repositories (0), parent repositories (0), unsafe repositories (0)
2025-09-01 01:38:11.766 [info] > git rev-parse --show-toplevel [11ms]
2025-09-01 01:38:11.767 [info] fatal: not a git repository (or any parent up to mount point /)
Stopping at filesystem boundary (GIT_DISCOVERY_ACROSS_FILESYSTEM not set).
2025-09-01 01:38:12.803 [info] > git rev-parse --show-toplevel [6ms]
2025-09-01 01:38:12.803 [info] fatal: not a git repository (or any parent up to mount point /)
Stopping at filesystem boundary (GIT_DISCOVERY_ACROSS_FILESYSTEM not set).
2025-09-01 01:38:13.096 [info] > git rev-parse --show-toplevel [6ms]
2025-09-01 01:38:13.096 [info] fatal: not a git repository (or any parent up to mount point /)
Stopping at filesystem boundary (GIT_DISCOVERY_ACROSS_FILESYSTEM not set).
2025-09-01 01:38:32.584 [info] > git rev-parse --show-toplevel [7ms]
2025-09-01 01:38:32.584 [info] fatal: not a git repository (or any parent up to mount point /)
Stopping at filesystem boundary (GIT_DISCOVERY_ACROSS_FILESYSTEM not set).
2025-09-01 01:38:34.944 [info] > git rev-parse --show-toplevel [11ms]
2025-09-01 01:38:34.944 [info] fatal: not a git repository (or any parent up to mount point /)
Stopping at filesystem boundary (GIT_DISCOVERY_ACROSS_FILESYSTEM not set).
2025-09-01 01:38:54.431 [info] > git rev-parse --show-toplevel [8ms]
2025-09-01 01:38:54.431 [info] fatal: not a git repository (or any parent up to mount point /)
Stopping at filesystem boundary (GIT_DISCOVERY_ACROSS_FILESYSTEM not set).
2025-09-01 01:39:39.052 [info] > git rev-parse --show-toplevel [7ms]
2025-09-01 01:39:39.052 [info] fatal: not a git repository (or any parent up to mount point /)
Stopping at filesystem boundary (GIT_DISCOVERY_ACROSS_FILESYSTEM not set).
2025-09-01 01:39:44.818 [info] > git rev-parse --show-toplevel [12ms]
2025-09-01 01:39:44.818 [info] fatal: not a git repository (or any parent up to mount point /)
Stopping at filesystem boundary (GIT_DISCOVERY_ACROSS_FILESYSTEM not set).
2025-09-01 01:39:47.835 [info] > git rev-parse --show-toplevel [29ms]
2025-09-01 01:39:47.835 [info] fatal: not a git repository (or any parent up to mount point /)
Stopping at filesystem boundary (GIT_DISCOVERY_ACROSS_FILESYSTEM not set).
2025-09-01 01:39:51.007 [info] > git rev-parse --show-toplevel [12ms]
2025-09-01 01:39:51.007 [info] fatal: not a git repository (or any parent up to mount point /)
Stopping at filesystem boundary (GIT_DISCOVERY_ACROSS_FILESYSTEM not set).
2025-09-01 01:39:58.465 [info] > git rev-parse --show-toplevel [10ms]
2025-09-01 01:39:58.466 [info] fatal: not a git repository (or any parent up to mount point /)
Stopping at filesystem boundary (GIT_DISCOVERY_ACROSS_FILESYSTEM not set).
2025-09-01 01:40:00.918 [info] > git rev-parse --show-toplevel [5ms]
2025-09-01 01:40:00.918 [info] fatal: not a git repository (or any parent up to mount point /)
Stopping at filesystem boundary (GIT_DISCOVERY_ACROSS_FILESYSTEM not set).
2025-09-01 01:40:01.851 [info] > git rev-parse --show-toplevel [5ms]
2025-09-01 01:40:01.851 [info] fatal: not a git repository (or any parent up to mount point /)
Stopping at filesystem boundary (GIT_DISCOVERY_ACROSS_FILESYSTEM not set).
2025-09-01 01:40:03.593 [info] > git rev-parse --show-toplevel [6ms]
2025-09-01 01:40:03.593 [info] fatal: not a git repository (or any parent up to mount point /)
Stopping at filesystem boundary (GIT_DISCOVERY_ACROSS_FILESYSTEM not set).
2025-09-01 01:40:08.033 [info] > git rev-parse --show-toplevel [8ms]
2025-09-01 01:40:08.034 [info] fatal: not a git repository (or any parent up to mount point /)
Stopping at filesystem boundary (GIT_DISCOVERY_ACROSS_FILESYSTEM not set).
2025-09-01 01:40:09.461 [info] > git rev-parse --show-toplevel [11ms]
2025-09-01 01:40:09.461 [info] fatal: not a git repository (or any parent up to mount point /)
Stopping at filesystem boundary (GIT_DISCOVERY_ACROSS_FILESYSTEM not set).
2025-09-01 01:40:11.502 [info] > git rev-parse --show-toplevel [6ms]
2025-09-01 01:40:11.502 [info] fatal: not a git repository (or any parent up to mount point /)
Stopping at filesystem boundary (GIT_DISCOVERY_ACROSS_FILESYSTEM not set).
2025-09-01 01:40:30.828 [info] > git rev-parse --show-toplevel [5ms]
2025-09-01 01:40:30.828 [info] fatal: not a git repository (or any parent up to mount point /)
Stopping at filesystem boundary (GIT_DISCOVERY_ACROSS_FILESYSTEM not set).
2025-09-01 01:40:32.541 [info] > git rev-parse --show-toplevel [5ms]
2025-09-01 01:40:32.541 [info] fatal: not a git repository (or any parent up to mount point /)
Stopping at filesystem boundary (GIT_DISCOVERY_ACROSS_FILESYSTEM not set).
2025-09-01 01:40:33.518 [info] > git rev-parse --show-toplevel [5ms]
2025-09-01 01:40:33.518 [info] fatal: not a git repository (or any parent up to mount point /)
Stopping at filesystem boundary (GIT_DISCOVERY_ACROSS_FILESYSTEM not set).
2025-09-01 01:40:46.677 [info] > git rev-parse --show-toplevel [5ms]
2025-09-01 01:40:46.677 [info] fatal: not a git repository (or any parent up to mount point /)
Stopping at filesystem boundary (GIT_DISCOVERY_ACROSS_FILESYSTEM not set).
2025-09-01 01:40:50.068 [info] > git rev-parse --show-toplevel [9ms]
2025-09-01 01:40:50.068 [info] fatal: not a git repository (or any parent up to mount point /)
Stopping at filesystem boundary (GIT_DISCOVERY_ACROSS_FILESYSTEM not set).
2025-09-01 01:40:51.752 [info] > git rev-parse --show-toplevel [5ms]
2025-09-01 01:40:51.752 [info] fatal: not a git repository (or any parent up to mount point /)
Stopping at filesystem boundary (GIT_DISCOVERY_ACROSS_FILESYSTEM not set).
2025-09-01 01:40:54.514 [info] > git rev-parse --show-toplevel [10ms]
2025-09-01 01:40:54.515 [info] fatal: not a git repository (or any parent up to mount point /)
Stopping at filesystem boundary (GIT_DISCOVERY_ACROSS_FILESYSTEM not set).
2025-09-01 01:40:55.749 [info] > git rev-parse --show-toplevel [6ms]
2025-09-01 01:40:55.749 [info] fatal: not a git repository (or any parent up to mount point /)
Stopping at filesystem boundary (GIT_DISCOVERY_ACROSS_FILESYSTEM not set).
2025-09-01 01:40:57.842 [info] > git rev-parse --show-toplevel [10ms]
2025-09-01 01:40:57.842 [info] fatal: not a git repository (or any parent up to mount point /)
Stopping at filesystem boundary (GIT_DISCOVERY_ACROSS_FILESYSTEM not set).
2025-09-01 01:40:59.079 [info] > git rev-parse --show-toplevel [7ms]
2025-09-01 01:40:59.080 [info] fatal: not a git repository (or any parent up to mount point /)
Stopping at filesystem boundary (GIT_DISCOVERY_ACROSS_FILESYSTEM not set).
2025-09-01 01:43:48.146 [info] [main] Log level: Info
2025-09-01 01:43:48.146 [info] [main] Validating found git in: "git"
2025-09-01 01:43:48.146 [info] [main] Using git "2.51.0" from "git"
2025-09-01 01:43:48.146 [info] [Model][doInitialScan] Initial repository scan started
2025-09-01 01:43:48.146 [info] > git rev-parse --show-toplevel [123ms]
2025-09-01 01:43:48.146 [info] fatal: not a git repository (or any parent up to mount point /)
Stopping at filesystem boundary (GIT_DISCOVERY_ACROSS_FILESYSTEM not set).
2025-09-01 01:43:48.203 [info] > git rev-parse --show-toplevel [23ms]
2025-09-01 01:43:48.203 [info] fatal: not a git repository (or any parent up to mount point /)
Stopping at filesystem boundary (GIT_DISCOVERY_ACROSS_FILESYSTEM not set).
2025-09-01 01:43:48.282 [info] > git rev-parse --show-toplevel [20ms]
2025-09-01 01:43:48.284 [info] fatal: not a git repository (or any parent up to mount point /)
Stopping at filesystem boundary (GIT_DISCOVERY_ACROSS_FILESYSTEM not set).
2025-09-01 01:43:48.329 [info] > git rev-parse --show-toplevel [12ms]
2025-09-01 01:43:48.329 [info] fatal: not a git repository (or any parent up to mount point /)
Stopping at filesystem boundary (GIT_DISCOVERY_ACROSS_FILESYSTEM not set).
2025-09-01 01:43:48.359 [info] > git rev-parse --show-toplevel [12ms]
2025-09-01 01:43:48.359 [info] fatal: not a git repository (or any parent up to mount point /)
Stopping at filesystem boundary (GIT_DISCOVERY_ACROSS_FILESYSTEM not set).
2025-09-01 01:43:48.408 [info] > git rev-parse --show-toplevel [11ms]
2025-09-01 01:43:48.409 [info] fatal: not a git repository (or any parent up to mount point /)
Stopping at filesystem boundary (GIT_DISCOVERY_ACROSS_FILESYSTEM not set).
2025-09-01 01:43:48.470 [info] > git rev-parse --show-toplevel [26ms]
2025-09-01 01:43:48.470 [info] fatal: not a git repository (or any parent up to mount point /)
Stopping at filesystem boundary (GIT_DISCOVERY_ACROSS_FILESYSTEM not set).
2025-09-01 01:43:48.530 [info] > git rev-parse --show-toplevel [20ms]
2025-09-01 01:43:48.530 [info] fatal: not a git repository (or any parent up to mount point /)
Stopping at filesystem boundary (GIT_DISCOVERY_ACROSS_FILESYSTEM not set).
2025-09-01 01:43:48.571 [info] > git rev-parse --show-toplevel [14ms]
2025-09-01 01:43:48.571 [info] fatal: not a git repository (or any parent up to mount point /)
Stopping at filesystem boundary (GIT_DISCOVERY_ACROSS_FILESYSTEM not set).
2025-09-01 01:43:48.644 [info] > git rev-parse --show-toplevel [39ms]
2025-09-01 01:43:48.644 [info] fatal: not a git repository (or any parent up to mount point /)
Stopping at filesystem boundary (GIT_DISCOVERY_ACROSS_FILESYSTEM not set).
2025-09-01 01:43:48.702 [info] > git rev-parse --show-toplevel [24ms]
2025-09-01 01:43:48.703 [info] fatal: not a git repository (or any parent up to mount point /)
Stopping at filesystem boundary (GIT_DISCOVERY_ACROSS_FILESYSTEM not set).
2025-09-01 01:43:48.932 [info] > git rev-parse --show-toplevel [157ms]
2025-09-01 01:43:48.932 [info] fatal: not a git repository (or any parent up to mount point /)
Stopping at filesystem boundary (GIT_DISCOVERY_ACROSS_FILESYSTEM not set).
2025-09-01 01:43:49.302 [info] > git rev-parse --show-toplevel [315ms]
2025-09-01 01:43:49.302 [info] fatal: not a git repository (or any parent up to mount point /)
Stopping at filesystem boundary (GIT_DISCOVERY_ACROSS_FILESYSTEM not set).
2025-09-01 01:43:49.434 [info] > git rev-parse --show-toplevel [25ms]
2025-09-01 01:43:49.435 [info] fatal: not a git repository (or any parent up to mount point /)
Stopping at filesystem boundary (GIT_DISCOVERY_ACROSS_FILESYSTEM not set).
2025-09-01 01:43:49.496 [info] > git rev-parse --show-toplevel [19ms]
2025-09-01 01:43:49.497 [info] fatal: not a git repository (or any parent up to mount point /)
Stopping at filesystem boundary (GIT_DISCOVERY_ACROSS_FILESYSTEM not set).
2025-09-01 01:43:49.547 [info] > git rev-parse --show-toplevel [28ms]
2025-09-01 01:43:49.547 [info] fatal: not a git repository (or any parent up to mount point /)
Stopping at filesystem boundary (GIT_DISCOVERY_ACROSS_FILESYSTEM not set).
2025-09-01 01:43:49.565 [info] > git rev-parse --show-toplevel [5ms]
2025-09-01 01:43:49.565 [info] fatal: not a git repository (or any parent up to mount point /)
Stopping at filesystem boundary (GIT_DISCOVERY_ACROSS_FILESYSTEM not set).
2025-09-01 01:43:49.583 [info] > git rev-parse --show-toplevel [5ms]
2025-09-01 01:43:49.583 [info] fatal: not a git repository (or any parent up to mount point /)
Stopping at filesystem boundary (GIT_DISCOVERY_ACROSS_FILESYSTEM not set).
2025-09-01 01:43:49.602 [info] > git rev-parse --show-toplevel [5ms]
2025-09-01 01:43:49.602 [info] fatal: not a git repository (or any parent up to mount point /)
Stopping at filesystem boundary (GIT_DISCOVERY_ACROSS_FILESYSTEM not set).
2025-09-01 01:43:49.626 [info] > git rev-parse --show-toplevel [9ms]
2025-09-01 01:43:49.627 [info] fatal: not a git repository (or any parent up to mount point /)
Stopping at filesystem boundary (GIT_DISCOVERY_ACROSS_FILESYSTEM not set).
2025-09-01 01:43:49.652 [info] > git rev-parse --show-toplevel [8ms]
2025-09-01 01:43:49.652 [info] fatal: not a git repository (or any parent up to mount point /)
Stopping at filesystem boundary (GIT_DISCOVERY_ACROSS_FILESYSTEM not set).
2025-09-01 01:43:49.675 [info] > git rev-parse --show-toplevel [6ms]
2025-09-01 01:43:49.675 [info] fatal: not a git repository (or any parent up to mount point /)
Stopping at filesystem boundary (GIT_DISCOVERY_ACROSS_FILESYSTEM not set).
2025-09-01 01:43:49.697 [info] > git rev-parse --show-toplevel [8ms]
2025-09-01 01:43:49.697 [info] fatal: not a git repository (or any parent up to mount point /)
Stopping at filesystem boundary (GIT_DISCOVERY_ACROSS_FILESYSTEM not set).
2025-09-01 01:43:49.702 [info] [Model][doInitialScan] Initial repository scan completed - repositories (0), closed repositories (0), parent repositories (0), unsafe repositories (0)
2025-09-01 01:43:49.733 [info] > git rev-parse --show-toplevel [12ms]
2025-09-01 01:43:49.734 [info] fatal: not a git repository (or any parent up to mount point /)
Stopping at filesystem boundary (GIT_DISCOVERY_ACROSS_FILESYSTEM not set).
2025-09-01 01:43:49.767 [info] > git rev-parse --show-toplevel [7ms]
2025-09-01 01:43:49.767 [info] fatal: not a git repository (or any parent up to mount point /)
Stopping at filesystem boundary (GIT_DISCOVERY_ACROSS_FILESYSTEM not set).
2025-09-01 01:44:03.247 [info] > git rev-parse --show-toplevel [6ms]
2025-09-01 01:44:03.247 [info] fatal: not a git repository (or any parent up to mount point /)
Stopping at filesystem boundary (GIT_DISCOVERY_ACROSS_FILESYSTEM not set).
2025-09-01 01:44:06.784 [info] > git rev-parse --show-toplevel [6ms]
2025-09-01 01:44:06.786 [info] fatal: not a git repository (or any parent up to mount point /)
Stopping at filesystem boundary (GIT_DISCOVERY_ACROSS_FILESYSTEM not set).
2025-09-01 01:44:09.433 [info] > git rev-parse --show-toplevel [9ms]
2025-09-01 01:44:09.433 [info] fatal: not a git repository (or any parent up to mount point /)
Stopping at filesystem boundary (GIT_DISCOVERY_ACROSS_FILESYSTEM not set).
2025-09-01 01:44:10.374 [info] > git rev-parse --show-toplevel [6ms]
2025-09-01 01:44:10.374 [info] fatal: not a git repository (or any parent up to mount point /)
Stopping at filesystem boundary (GIT_DISCOVERY_ACROSS_FILESYSTEM not set).
2025-09-01 01:44:13.372 [info] > git rev-parse --show-toplevel [21ms]
2025-09-01 01:44:13.373 [info] fatal: not a git repository (or any parent up to mount point /)
Stopping at filesystem boundary (GIT_DISCOVERY_ACROSS_FILESYSTEM not set).
2025-09-01 01:45:03.716 [info] > git rev-parse --show-toplevel [15ms]
2025-09-01 01:45:03.717 [info] fatal: not a git repository (or any parent up to mount point /)
Stopping at filesystem boundary (GIT_DISCOVERY_ACROSS_FILESYSTEM not set).
2025-09-01 01:45:47.613 [info] > git rev-parse --show-toplevel [5ms]
2025-09-01 01:45:47.613 [info] fatal: not a git repository (or any parent up to mount point /)
Stopping at filesystem boundary (GIT_DISCOVERY_ACROSS_FILESYSTEM not set).
2025-09-01 01:45:48.326 [info] > git rev-parse --show-toplevel [8ms]
2025-09-01 01:45:48.327 [info] fatal: not a git repository (or any parent up to mount point /)
Stopping at filesystem boundary (GIT_DISCOVERY_ACROSS_FILESYSTEM not set).
2025-09-01 01:48:22.982 [info] > git rev-parse --show-toplevel [12ms]
2025-09-01 01:48:22.982 [info] fatal: not a git repository (or any parent up to mount point /)
Stopping at filesystem boundary (GIT_DISCOVERY_ACROSS_FILESYSTEM not set).
