2025-09-01 13:38:44.470 [info] [main] Log level: Info
2025-09-01 13:38:44.470 [info] [main] Validating found git in: "git"
2025-09-01 13:38:44.470 [info] [main] Using git "2.51.0" from "git"
2025-09-01 13:38:44.470 [info] [Model][doInitialScan] Initial repository scan started
2025-09-01 13:38:44.470 [info] > git rev-parse --show-toplevel [84ms]
2025-09-01 13:38:44.470 [info] fatal: not a git repository (or any parent up to mount point /)
Stopping at filesystem boundary (GIT_DISCOVERY_ACROSS_FILESYSTEM not set).
2025-09-01 13:38:44.470 [info] [Model][doInitialScan] Initial repository scan completed - repositories (0), closed repositories (0), parent repositories (0), unsafe repositories (0)
2025-09-01 13:38:44.470 [info] > git rev-parse --show-toplevel [10ms]
2025-09-01 13:38:44.470 [info] fatal: not a git repository (or any parent up to mount point /)
Stopping at filesystem boundary (GIT_DISCOVERY_ACROSS_FILESYSTEM not set).
2025-09-01 13:38:57.994 [info] > git rev-parse --show-toplevel [11ms]
2025-09-01 13:38:57.995 [info] fatal: not a git repository (or any parent up to mount point /)
Stopping at filesystem boundary (GIT_DISCOVERY_ACROSS_FILESYSTEM not set).
2025-09-01 13:39:24.870 [info] > git rev-parse --show-toplevel [24ms]
2025-09-01 13:39:24.870 [info] fatal: not a git repository (or any parent up to mount point /)
Stopping at filesystem boundary (GIT_DISCOVERY_ACROSS_FILESYSTEM not set).
2025-09-01 13:39:28.212 [info] > git rev-parse --show-toplevel [12ms]
2025-09-01 13:39:28.212 [info] fatal: not a git repository (or any parent up to mount point /)
Stopping at filesystem boundary (GIT_DISCOVERY_ACROSS_FILESYSTEM not set).
2025-09-01 13:45:18.391 [info] > git rev-parse --show-toplevel [15ms]
2025-09-01 13:45:18.391 [info] fatal: not a git repository (or any parent up to mount point /)
Stopping at filesystem boundary (GIT_DISCOVERY_ACROSS_FILESYSTEM not set).
