2025-09-01 00:20:54.563 [info] [main] Log level: Info
2025-09-01 00:20:54.563 [info] [main] Validating found git in: "git"
2025-09-01 00:20:54.563 [info] [main] Using git "2.51.0" from "git"
2025-09-01 00:20:54.563 [info] [Model][doInitialScan] Initial repository scan started
2025-09-01 00:20:54.564 [info] > git rev-parse --show-toplevel [236ms]
2025-09-01 00:20:54.564 [info] fatal: not a git repository (or any parent up to mount point /)
Stopping at filesystem boundary (GIT_DISCOVERY_ACROSS_FILESYSTEM not set).
2025-09-01 00:20:54.564 [info] > git rev-parse --show-toplevel [11ms]
2025-09-01 00:20:54.564 [info] fatal: not a git repository (or any parent up to mount point /)
Stopping at filesystem boundary (GIT_DISCOVERY_ACROSS_FILESYSTEM not set).
2025-09-01 00:20:54.564 [info] > git rev-parse --show-toplevel [4ms]
2025-09-01 00:20:54.564 [info] fatal: not a git repository (or any parent up to mount point /)
Stopping at filesystem boundary (GIT_DISCOVERY_ACROSS_FILESYSTEM not set).
2025-09-01 00:20:54.564 [info] [Model][doInitialScan] Initial repository scan completed - repositories (0), closed repositories (0), parent repositories (0), unsafe repositories (0)
2025-09-01 00:21:07.483 [info] > git rev-parse --show-toplevel [7ms]
2025-09-01 00:21:07.483 [info] fatal: not a git repository (or any parent up to mount point /)
Stopping at filesystem boundary (GIT_DISCOVERY_ACROSS_FILESYSTEM not set).
2025-09-01 00:21:22.861 [info] > git rev-parse --show-toplevel [6ms]
2025-09-01 00:21:22.861 [info] fatal: not a git repository (or any parent up to mount point /)
Stopping at filesystem boundary (GIT_DISCOVERY_ACROSS_FILESYSTEM not set).
2025-09-01 00:21:51.515 [info] > git rev-parse --show-toplevel [5ms]
2025-09-01 00:21:51.515 [info] fatal: not a git repository (or any parent up to mount point /)
Stopping at filesystem boundary (GIT_DISCOVERY_ACROSS_FILESYSTEM not set).
2025-09-01 00:33:51.519 [info] > git rev-parse --show-toplevel [7ms]
2025-09-01 00:33:51.519 [info] fatal: not a git repository (or any parent up to mount point /)
Stopping at filesystem boundary (GIT_DISCOVERY_ACROSS_FILESYSTEM not set).
2025-09-01 00:34:18.224 [info] > git rev-parse --show-toplevel [6ms]
2025-09-01 00:34:18.224 [info] fatal: not a git repository (or any parent up to mount point /)
Stopping at filesystem boundary (GIT_DISCOVERY_ACROSS_FILESYSTEM not set).
2025-09-01 00:34:24.203 [info] > git rev-parse --show-toplevel [5ms]
2025-09-01 00:34:24.203 [info] fatal: not a git repository (or any parent up to mount point /)
Stopping at filesystem boundary (GIT_DISCOVERY_ACROSS_FILESYSTEM not set).
2025-09-01 00:34:35.314 [info] > git rev-parse --show-toplevel [7ms]
2025-09-01 00:34:35.314 [info] fatal: not a git repository (or any parent up to mount point /)
Stopping at filesystem boundary (GIT_DISCOVERY_ACROSS_FILESYSTEM not set).
2025-09-01 00:34:53.425 [info] > git rev-parse --show-toplevel [5ms]
2025-09-01 00:34:53.425 [info] fatal: not a git repository (or any parent up to mount point /)
Stopping at filesystem boundary (GIT_DISCOVERY_ACROSS_FILESYSTEM not set).
2025-09-01 00:34:57.982 [info] > git rev-parse --show-toplevel [6ms]
2025-09-01 00:34:57.989 [info] fatal: not a git repository (or any parent up to mount point /)
Stopping at filesystem boundary (GIT_DISCOVERY_ACROSS_FILESYSTEM not set).
2025-09-01 00:35:34.922 [info] > git rev-parse --show-toplevel [4ms]
2025-09-01 00:35:34.922 [info] fatal: not a git repository (or any parent up to mount point /)
Stopping at filesystem boundary (GIT_DISCOVERY_ACROSS_FILESYSTEM not set).
2025-09-01 00:35:35.561 [info] > git rev-parse --show-toplevel [6ms]
2025-09-01 00:35:35.561 [info] fatal: not a git repository (or any parent up to mount point /)
Stopping at filesystem boundary (GIT_DISCOVERY_ACROSS_FILESYSTEM not set).
2025-09-01 00:35:38.518 [info] > git rev-parse --show-toplevel [7ms]
2025-09-01 00:35:38.518 [info] fatal: not a git repository (or any parent up to mount point /)
Stopping at filesystem boundary (GIT_DISCOVERY_ACROSS_FILESYSTEM not set).
2025-09-01 00:35:52.500 [info] > git rev-parse --show-toplevel [23ms]
2025-09-01 00:35:52.500 [info] fatal: not a git repository (or any parent up to mount point /)
Stopping at filesystem boundary (GIT_DISCOVERY_ACROSS_FILESYSTEM not set).
2025-09-01 00:36:01.475 [info] > git rev-parse --show-toplevel [14ms]
2025-09-01 00:36:01.475 [info] fatal: not a git repository (or any parent up to mount point /)
Stopping at filesystem boundary (GIT_DISCOVERY_ACROSS_FILESYSTEM not set).
2025-09-01 00:41:27.666 [info] > git rev-parse --show-toplevel [5ms]
2025-09-01 00:41:27.667 [info] fatal: not a git repository (or any parent up to mount point /)
Stopping at filesystem boundary (GIT_DISCOVERY_ACROSS_FILESYSTEM not set).
2025-09-01 00:41:31.497 [info] > git rev-parse --show-toplevel [12ms]
2025-09-01 00:41:31.497 [info] fatal: not a git repository (or any parent up to mount point /)
Stopping at filesystem boundary (GIT_DISCOVERY_ACROSS_FILESYSTEM not set).
2025-09-01 00:48:34.160 [info] > git rev-parse --show-toplevel [6ms]
2025-09-01 00:48:34.161 [info] fatal: not a git repository (or any parent up to mount point /)
Stopping at filesystem boundary (GIT_DISCOVERY_ACROSS_FILESYSTEM not set).
2025-09-01 00:49:43.394 [info] > git rev-parse --show-toplevel [5ms]
2025-09-01 00:49:43.394 [info] fatal: not a git repository (or any parent up to mount point /)
Stopping at filesystem boundary (GIT_DISCOVERY_ACROSS_FILESYSTEM not set).
2025-09-01 00:50:15.752 [info] > git rev-parse --show-toplevel [6ms]
2025-09-01 00:50:15.752 [info] fatal: not a git repository (or any parent up to mount point /)
Stopping at filesystem boundary (GIT_DISCOVERY_ACROSS_FILESYSTEM not set).
2025-09-01 00:52:39.131 [info] > git rev-parse --show-toplevel [5ms]
2025-09-01 00:52:39.131 [info] fatal: not a git repository (or any parent up to mount point /)
Stopping at filesystem boundary (GIT_DISCOVERY_ACROSS_FILESYSTEM not set).
2025-09-01 00:53:04.523 [info] > git rev-parse --show-toplevel [5ms]
2025-09-01 00:53:04.523 [info] fatal: not a git repository (or any parent up to mount point /)
Stopping at filesystem boundary (GIT_DISCOVERY_ACROSS_FILESYSTEM not set).
2025-09-01 00:53:07.584 [info] > git rev-parse --show-toplevel [10ms]
2025-09-01 00:53:07.585 [info] fatal: not a git repository (or any parent up to mount point /)
Stopping at filesystem boundary (GIT_DISCOVERY_ACROSS_FILESYSTEM not set).
2025-09-01 00:53:08.441 [info] > git rev-parse --show-toplevel [7ms]
2025-09-01 00:53:08.441 [info] fatal: not a git repository (or any parent up to mount point /)
Stopping at filesystem boundary (GIT_DISCOVERY_ACROSS_FILESYSTEM not set).
