2025-08-31 23:27:27.797 [info] [main] Log level: Info
2025-08-31 23:27:27.797 [info] [main] Validating found git in: "git"
2025-08-31 23:27:27.797 [info] [main] Using git "2.51.0" from "git"
2025-08-31 23:27:27.797 [info] [Model][doInitialScan] Initial repository scan started
2025-08-31 23:27:27.797 [info] > git rev-parse --show-toplevel [69ms]
2025-08-31 23:27:27.797 [info] fatal: not a git repository (or any parent up to mount point /)
Stopping at filesystem boundary (GIT_DISCOVERY_ACROSS_FILESYSTEM not set).
2025-08-31 23:27:27.797 [info] > git rev-parse --show-toplevel [37ms]
2025-08-31 23:27:27.797 [info] fatal: not a git repository (or any parent up to mount point /)
Stopping at filesystem boundary (GIT_DISCOVERY_ACROSS_FILESYSTEM not set).
2025-08-31 23:27:27.797 [info] [Model][doInitialScan] Initial repository scan completed - repositories (0), closed repositories (0), parent repositories (0), unsafe repositories (0)
2025-08-31 23:27:31.050 [info] > git rev-parse --show-toplevel [17ms]
2025-08-31 23:27:31.050 [info] fatal: not a git repository (or any parent up to mount point /)
Stopping at filesystem boundary (GIT_DISCOVERY_ACROSS_FILESYSTEM not set).
2025-08-31 23:27:34.333 [info] > git rev-parse --show-toplevel [41ms]
2025-08-31 23:27:34.345 [info] fatal: not a git repository (or any parent up to mount point /)
Stopping at filesystem boundary (GIT_DISCOVERY_ACROSS_FILESYSTEM not set).
2025-08-31 23:28:09.083 [info] > git rev-parse --show-toplevel [5ms]
2025-08-31 23:28:09.083 [info] fatal: not a git repository (or any parent up to mount point /)
Stopping at filesystem boundary (GIT_DISCOVERY_ACROSS_FILESYSTEM not set).
2025-08-31 23:29:30.412 [info] > git rev-parse --show-toplevel [5ms]
2025-08-31 23:29:30.412 [info] fatal: not a git repository (or any parent up to mount point /)
Stopping at filesystem boundary (GIT_DISCOVERY_ACROSS_FILESYSTEM not set).
2025-08-31 23:29:45.609 [info] > git rev-parse --show-toplevel [6ms]
2025-08-31 23:29:45.610 [info] fatal: not a git repository (or any parent up to mount point /)
Stopping at filesystem boundary (GIT_DISCOVERY_ACROSS_FILESYSTEM not set).
2025-08-31 23:29:47.531 [info] > git rev-parse --show-toplevel [6ms]
2025-08-31 23:29:47.531 [info] fatal: not a git repository (or any parent up to mount point /)
Stopping at filesystem boundary (GIT_DISCOVERY_ACROSS_FILESYSTEM not set).
2025-08-31 23:29:49.142 [info] > git rev-parse --show-toplevel [7ms]
2025-08-31 23:29:49.142 [info] fatal: not a git repository (or any parent up to mount point /)
Stopping at filesystem boundary (GIT_DISCOVERY_ACROSS_FILESYSTEM not set).
2025-08-31 23:30:39.679 [info] > git rev-parse --show-toplevel [8ms]
2025-08-31 23:30:39.679 [info] fatal: not a git repository (or any parent up to mount point /)
Stopping at filesystem boundary (GIT_DISCOVERY_ACROSS_FILESYSTEM not set).
2025-08-31 23:33:39.073 [info] > git rev-parse --show-toplevel [6ms]
2025-08-31 23:33:39.073 [info] fatal: not a git repository (or any parent up to mount point /)
Stopping at filesystem boundary (GIT_DISCOVERY_ACROSS_FILESYSTEM not set).
2025-08-31 23:33:51.249 [info] > git rev-parse --show-toplevel [8ms]
2025-08-31 23:33:51.249 [info] fatal: not a git repository (or any parent up to mount point /)
Stopping at filesystem boundary (GIT_DISCOVERY_ACROSS_FILESYSTEM not set).
2025-08-31 23:34:08.751 [info] > git rev-parse --show-toplevel [5ms]
2025-08-31 23:34:08.751 [info] fatal: not a git repository (or any parent up to mount point /)
Stopping at filesystem boundary (GIT_DISCOVERY_ACROSS_FILESYSTEM not set).
2025-08-31 23:34:26.903 [info] > git rev-parse --show-toplevel [6ms]
2025-08-31 23:34:26.903 [info] fatal: not a git repository (or any parent up to mount point /)
Stopping at filesystem boundary (GIT_DISCOVERY_ACROSS_FILESYSTEM not set).
2025-08-31 23:34:31.979 [info] > git rev-parse --show-toplevel [7ms]
2025-08-31 23:34:31.980 [info] fatal: not a git repository (or any parent up to mount point /)
Stopping at filesystem boundary (GIT_DISCOVERY_ACROSS_FILESYSTEM not set).
2025-08-31 23:35:41.265 [info] > git rev-parse --show-toplevel [8ms]
2025-08-31 23:35:41.266 [info] fatal: not a git repository (or any parent up to mount point /)
Stopping at filesystem boundary (GIT_DISCOVERY_ACROSS_FILESYSTEM not set).
2025-08-31 23:35:45.982 [info] > git rev-parse --show-toplevel [9ms]
2025-08-31 23:35:45.982 [info] fatal: not a git repository (or any parent up to mount point /)
Stopping at filesystem boundary (GIT_DISCOVERY_ACROSS_FILESYSTEM not set).
2025-08-31 23:35:55.010 [info] > git rev-parse --show-toplevel [5ms]
2025-08-31 23:35:55.010 [info] fatal: not a git repository (or any parent up to mount point /)
Stopping at filesystem boundary (GIT_DISCOVERY_ACROSS_FILESYSTEM not set).
2025-08-31 23:35:59.693 [info] > git rev-parse --show-toplevel [6ms]
2025-08-31 23:35:59.693 [info] fatal: not a git repository (or any parent up to mount point /)
Stopping at filesystem boundary (GIT_DISCOVERY_ACROSS_FILESYSTEM not set).
2025-08-31 23:36:05.027 [info] > git rev-parse --show-toplevel [10ms]
2025-08-31 23:36:05.027 [info] fatal: not a git repository (or any parent up to mount point /)
Stopping at filesystem boundary (GIT_DISCOVERY_ACROSS_FILESYSTEM not set).
2025-08-31 23:36:17.215 [info] > git rev-parse --show-toplevel [5ms]
2025-08-31 23:36:17.215 [info] fatal: not a git repository (or any parent up to mount point /)
Stopping at filesystem boundary (GIT_DISCOVERY_ACROSS_FILESYSTEM not set).
2025-08-31 23:36:55.008 [info] > git rev-parse --show-toplevel [5ms]
2025-08-31 23:36:55.008 [info] fatal: not a git repository (or any parent up to mount point /)
Stopping at filesystem boundary (GIT_DISCOVERY_ACROSS_FILESYSTEM not set).
2025-08-31 23:37:27.304 [info] > git rev-parse --show-toplevel [5ms]
2025-08-31 23:37:27.304 [info] fatal: not a git repository (or any parent up to mount point /)
Stopping at filesystem boundary (GIT_DISCOVERY_ACROSS_FILESYSTEM not set).
2025-08-31 23:37:28.152 [info] > git rev-parse --show-toplevel [5ms]
2025-08-31 23:37:28.152 [info] fatal: not a git repository (or any parent up to mount point /)
Stopping at filesystem boundary (GIT_DISCOVERY_ACROSS_FILESYSTEM not set).
2025-08-31 23:38:42.427 [info] > git rev-parse --show-toplevel [6ms]
2025-08-31 23:38:42.427 [info] fatal: not a git repository (or any parent up to mount point /)
Stopping at filesystem boundary (GIT_DISCOVERY_ACROSS_FILESYSTEM not set).
2025-08-31 23:39:12.484 [info] > git rev-parse --show-toplevel [5ms]
2025-08-31 23:39:12.484 [info] fatal: not a git repository (or any parent up to mount point /)
Stopping at filesystem boundary (GIT_DISCOVERY_ACROSS_FILESYSTEM not set).
2025-08-31 23:39:30.651 [info] > git rev-parse --show-toplevel [5ms]
2025-08-31 23:39:30.651 [info] fatal: not a git repository (or any parent up to mount point /)
Stopping at filesystem boundary (GIT_DISCOVERY_ACROSS_FILESYSTEM not set).
2025-08-31 23:39:38.124 [info] > git rev-parse --show-toplevel [6ms]
2025-08-31 23:39:38.124 [info] fatal: not a git repository (or any parent up to mount point /)
Stopping at filesystem boundary (GIT_DISCOVERY_ACROSS_FILESYSTEM not set).
2025-08-31 23:39:53.795 [info] > git rev-parse --show-toplevel [5ms]
2025-08-31 23:39:53.795 [info] fatal: not a git repository (or any parent up to mount point /)
Stopping at filesystem boundary (GIT_DISCOVERY_ACROSS_FILESYSTEM not set).
2025-08-31 23:39:58.355 [info] > git rev-parse --show-toplevel [6ms]
2025-08-31 23:39:58.355 [info] fatal: not a git repository (or any parent up to mount point /)
Stopping at filesystem boundary (GIT_DISCOVERY_ACROSS_FILESYSTEM not set).
