2025-08-31 22:29:13.679 [info] [main] Log level: Info
2025-08-31 22:29:13.679 [info] [main] Validating found git in: "git"
2025-08-31 22:29:13.679 [info] [main] Using git "2.51.0" from "git"
2025-08-31 22:29:13.680 [info] [Model][doInitialScan] Initial repository scan started
2025-08-31 22:29:13.680 [info] > git rev-parse --show-toplevel [64ms]
2025-08-31 22:29:13.680 [info] fatal: not a git repository (or any parent up to mount point /)
Stopping at filesystem boundary (GIT_DISCOVERY_ACROSS_FILESYSTEM not set).
2025-08-31 22:29:13.680 [info] > git rev-parse --show-toplevel [19ms]
2025-08-31 22:29:13.680 [info] fatal: not a git repository (or any parent up to mount point /)
Stopping at filesystem boundary (GIT_DISCOVERY_ACROSS_FILESYSTEM not set).
2025-08-31 22:29:13.680 [info] [Model][doInitialScan] Initial repository scan completed - repositories (0), closed repositories (0), parent repositories (0), unsafe repositories (0)
2025-08-31 22:29:13.680 [info] > git rev-parse --show-toplevel [10ms]
2025-08-31 22:29:13.680 [info] fatal: not a git repository (or any parent up to mount point /)
Stopping at filesystem boundary (GIT_DISCOVERY_ACROSS_FILESYSTEM not set).
2025-08-31 22:29:14.474 [info] > git rev-parse --show-toplevel [11ms]
2025-08-31 22:29:14.475 [info] fatal: not a git repository (or any parent up to mount point /)
Stopping at filesystem boundary (GIT_DISCOVERY_ACROSS_FILESYSTEM not set).
2025-08-31 22:29:14.845 [info] > git rev-parse --show-toplevel [7ms]
2025-08-31 22:29:14.846 [info] fatal: not a git repository (or any parent up to mount point /)
Stopping at filesystem boundary (GIT_DISCOVERY_ACROSS_FILESYSTEM not set).
2025-08-31 22:29:27.055 [info] [main] Log level: Info
2025-08-31 22:29:27.056 [info] [main] Validating found git in: "git"
2025-08-31 22:29:27.056 [info] [main] Using git "2.51.0" from "git"
2025-08-31 22:29:27.056 [info] [Model][doInitialScan] Initial repository scan started
2025-08-31 22:29:27.056 [info] > git rev-parse --show-toplevel [144ms]
2025-08-31 22:29:27.056 [info] fatal: not a git repository (or any parent up to mount point /)
Stopping at filesystem boundary (GIT_DISCOVERY_ACROSS_FILESYSTEM not set).
2025-08-31 22:29:27.091 [info] > git rev-parse --show-toplevel [17ms]
2025-08-31 22:29:27.091 [info] fatal: not a git repository (or any parent up to mount point /)
Stopping at filesystem boundary (GIT_DISCOVERY_ACROSS_FILESYSTEM not set).
2025-08-31 22:29:27.147 [info] > git rev-parse --show-toplevel [14ms]
2025-08-31 22:29:27.147 [info] fatal: not a git repository (or any parent up to mount point /)
Stopping at filesystem boundary (GIT_DISCOVERY_ACROSS_FILESYSTEM not set).
2025-08-31 22:29:27.234 [info] > git rev-parse --show-toplevel [18ms]
2025-08-31 22:29:27.237 [info] fatal: not a git repository (or any parent up to mount point /)
Stopping at filesystem boundary (GIT_DISCOVERY_ACROSS_FILESYSTEM not set).
2025-08-31 22:29:27.287 [info] > git rev-parse --show-toplevel [17ms]
2025-08-31 22:29:27.287 [info] fatal: not a git repository (or any parent up to mount point /)
Stopping at filesystem boundary (GIT_DISCOVERY_ACROSS_FILESYSTEM not set).
2025-08-31 22:29:27.322 [info] > git rev-parse --show-toplevel [8ms]
2025-08-31 22:29:27.322 [info] fatal: not a git repository (or any parent up to mount point /)
Stopping at filesystem boundary (GIT_DISCOVERY_ACROSS_FILESYSTEM not set).
2025-08-31 22:29:27.357 [info] > git rev-parse --show-toplevel [4ms]
2025-08-31 22:29:27.358 [info] fatal: not a git repository (or any parent up to mount point /)
Stopping at filesystem boundary (GIT_DISCOVERY_ACROSS_FILESYSTEM not set).
2025-08-31 22:29:27.413 [info] > git rev-parse --show-toplevel [13ms]
2025-08-31 22:29:27.414 [info] fatal: not a git repository (or any parent up to mount point /)
Stopping at filesystem boundary (GIT_DISCOVERY_ACROSS_FILESYSTEM not set).
2025-08-31 22:29:27.454 [info] > git rev-parse --show-toplevel [14ms]
2025-08-31 22:29:27.454 [info] fatal: not a git repository (or any parent up to mount point /)
Stopping at filesystem boundary (GIT_DISCOVERY_ACROSS_FILESYSTEM not set).
2025-08-31 22:29:27.544 [info] > git rev-parse --show-toplevel [51ms]
2025-08-31 22:29:27.545 [info] fatal: not a git repository (or any parent up to mount point /)
Stopping at filesystem boundary (GIT_DISCOVERY_ACROSS_FILESYSTEM not set).
2025-08-31 22:29:27.636 [info] > git rev-parse --show-toplevel [74ms]
2025-08-31 22:29:27.636 [info] fatal: not a git repository (or any parent up to mount point /)
Stopping at filesystem boundary (GIT_DISCOVERY_ACROSS_FILESYSTEM not set).
2025-08-31 22:29:27.955 [info] > git rev-parse --show-toplevel [105ms]
2025-08-31 22:29:27.955 [info] fatal: not a git repository (or any parent up to mount point /)
Stopping at filesystem boundary (GIT_DISCOVERY_ACROSS_FILESYSTEM not set).
2025-08-31 22:29:28.022 [info] > git rev-parse --show-toplevel [20ms]
2025-08-31 22:29:28.022 [info] fatal: not a git repository (or any parent up to mount point /)
Stopping at filesystem boundary (GIT_DISCOVERY_ACROSS_FILESYSTEM not set).
2025-08-31 22:29:28.061 [info] > git rev-parse --show-toplevel [13ms]
2025-08-31 22:29:28.062 [info] fatal: not a git repository (or any parent up to mount point /)
Stopping at filesystem boundary (GIT_DISCOVERY_ACROSS_FILESYSTEM not set).
2025-08-31 22:29:28.088 [info] > git rev-parse --show-toplevel [7ms]
2025-08-31 22:29:28.088 [info] fatal: not a git repository (or any parent up to mount point /)
Stopping at filesystem boundary (GIT_DISCOVERY_ACROSS_FILESYSTEM not set).
2025-08-31 22:29:28.120 [info] > git rev-parse --show-toplevel [16ms]
2025-08-31 22:29:28.121 [info] fatal: not a git repository (or any parent up to mount point /)
Stopping at filesystem boundary (GIT_DISCOVERY_ACROSS_FILESYSTEM not set).
2025-08-31 22:29:28.151 [info] > git rev-parse --show-toplevel [12ms]
2025-08-31 22:29:28.151 [info] fatal: not a git repository (or any parent up to mount point /)
Stopping at filesystem boundary (GIT_DISCOVERY_ACROSS_FILESYSTEM not set).
2025-08-31 22:29:28.189 [info] > git rev-parse --show-toplevel [16ms]
2025-08-31 22:29:28.189 [info] fatal: not a git repository (or any parent up to mount point /)
Stopping at filesystem boundary (GIT_DISCOVERY_ACROSS_FILESYSTEM not set).
2025-08-31 22:29:28.218 [info] > git rev-parse --show-toplevel [10ms]
2025-08-31 22:29:28.218 [info] fatal: not a git repository (or any parent up to mount point /)
Stopping at filesystem boundary (GIT_DISCOVERY_ACROSS_FILESYSTEM not set).
2025-08-31 22:29:28.239 [info] > git rev-parse --show-toplevel [5ms]
2025-08-31 22:29:28.239 [info] fatal: not a git repository (or any parent up to mount point /)
Stopping at filesystem boundary (GIT_DISCOVERY_ACROSS_FILESYSTEM not set).
2025-08-31 22:29:28.265 [info] > git rev-parse --show-toplevel [7ms]
2025-08-31 22:29:28.265 [info] fatal: not a git repository (or any parent up to mount point /)
Stopping at filesystem boundary (GIT_DISCOVERY_ACROSS_FILESYSTEM not set).
2025-08-31 22:29:28.285 [info] > git rev-parse --show-toplevel [5ms]
2025-08-31 22:29:28.286 [info] fatal: not a git repository (or any parent up to mount point /)
Stopping at filesystem boundary (GIT_DISCOVERY_ACROSS_FILESYSTEM not set).
2025-08-31 22:29:28.305 [info] > git rev-parse --show-toplevel [4ms]
2025-08-31 22:29:28.306 [info] fatal: not a git repository (or any parent up to mount point /)
Stopping at filesystem boundary (GIT_DISCOVERY_ACROSS_FILESYSTEM not set).
2025-08-31 22:29:28.307 [info] [Model][doInitialScan] Initial repository scan completed - repositories (0), closed repositories (0), parent repositories (0), unsafe repositories (0)
2025-08-31 22:29:28.332 [info] > git rev-parse --show-toplevel [6ms]
2025-08-31 22:29:28.332 [info] fatal: not a git repository (or any parent up to mount point /)
Stopping at filesystem boundary (GIT_DISCOVERY_ACROSS_FILESYSTEM not set).
2025-08-31 22:29:37.472 [info] > git rev-parse --show-toplevel [5ms]
2025-08-31 22:29:37.473 [info] fatal: not a git repository (or any parent up to mount point /)
Stopping at filesystem boundary (GIT_DISCOVERY_ACROSS_FILESYSTEM not set).
2025-08-31 22:29:44.734 [info] > git rev-parse --show-toplevel [7ms]
2025-08-31 22:29:44.734 [info] fatal: not a git repository (or any parent up to mount point /)
Stopping at filesystem boundary (GIT_DISCOVERY_ACROSS_FILESYSTEM not set).
2025-08-31 22:29:45.927 [info] > git rev-parse --show-toplevel [10ms]
2025-08-31 22:29:45.927 [info] fatal: not a git repository (or any parent up to mount point /)
Stopping at filesystem boundary (GIT_DISCOVERY_ACROSS_FILESYSTEM not set).
