2025-08-31 22:29:11.208 [info] Extension host with pid 3451 started
2025-08-31 22:29:11.208 [info] Skipping acquiring lock for /home/harry/.config/Code - OSS/User/workspaceStorage/161a130ab0b13985097a638c32503166.
2025-08-31 22:29:12.005 [info] ExtensionService#_doActivateExtension vscode.emmet, startup: false, activationEvent: 'onLanguage'
2025-08-31 22:29:12.403 [info] ExtensionService#_doActivateExtension vscode.git-base, startup: true, activationEvent: '*', root cause: vscode.git
2025-08-31 22:29:12.446 [info] ExtensionService#_doActivateExtension vscode.git, startup: true, activationEvent: '*'
2025-08-31 22:29:12.861 [info] ExtensionService#_doActivateExtension vscode.github, startup: true, activationEvent: '*'
2025-08-31 22:29:13.777 [info] Eager extensions activated
2025-08-31 22:29:13.874 [info] ExtensionService#_doActivateExtension vscode.debug-auto-launch, startup: false, activationEvent: 'onStartupFinished'
2025-08-31 22:29:13.908 [info] ExtensionService#_doActivateExtension vscode.merge-conflict, startup: false, activationEvent: 'onStartupFinished'
2025-08-31 22:29:15.546 [info] Extension host terminating: renderer closed the MessagePort
2025-08-31 22:29:15.570 [info] Extension host with pid 3451 exiting with code 0
2025-08-31 22:29:22.458 [info] Extension host with pid 3518 started
2025-08-31 22:29:22.459 [info] Skipping acquiring lock for /home/harry/.config/Code - OSS/User/workspaceStorage/8967dd70b9c6cfe42ac8be194755c181.
2025-08-31 22:29:23.071 [info] ExtensionService#_doActivateExtension vscode.emmet, startup: false, activationEvent: 'onLanguage'
2025-08-31 22:29:23.869 [info] ExtensionService#_doActivateExtension vscode.git-base, startup: true, activationEvent: '*', root cause: vscode.git
2025-08-31 22:29:24.055 [info] ExtensionService#_doActivateExtension vscode.configuration-editing, startup: false, activationEvent: 'onLanguage:json'
2025-08-31 22:29:24.137 [info] ExtensionService#_doActivateExtension vscode.extension-editing, startup: false, activationEvent: 'onLanguage:json'
2025-08-31 22:29:24.241 [info] ExtensionService#_doActivateExtension vscode.json-language-features, startup: false, activationEvent: 'onLanguage:json'
2025-08-31 22:29:24.749 [info] ExtensionService#_doActivateExtension vscode.npm, startup: false, activationEvent: 'onLanguage:json'
2025-08-31 22:29:25.397 [info] ExtensionService#_doActivateExtension vscode.git, startup: true, activationEvent: '*'
2025-08-31 22:29:25.821 [info] ExtensionService#_doActivateExtension vscode.github, startup: true, activationEvent: '*'
2025-08-31 22:29:27.537 [info] Eager extensions activated
2025-08-31 22:29:27.660 [info] ExtensionService#_doActivateExtension vscode.debug-auto-launch, startup: false, activationEvent: 'onStartupFinished'
2025-08-31 22:29:27.676 [info] ExtensionService#_doActivateExtension vscode.merge-conflict, startup: false, activationEvent: 'onStartupFinished'
