2025-08-31 23:55:25.688 [info] [main] Log level: Info
2025-08-31 23:55:25.688 [info] [main] Validating found git in: "git"
2025-08-31 23:55:25.688 [info] [main] Using git "2.51.0" from "git"
2025-08-31 23:55:25.688 [info] [Model][doInitialScan] Initial repository scan started
2025-08-31 23:55:25.688 [info] > git rev-parse --show-toplevel [314ms]
2025-08-31 23:55:25.688 [info] fatal: not a git repository (or any parent up to mount point /)
Stopping at filesystem boundary (GIT_DISCOVERY_ACROSS_FILESYSTEM not set).
2025-08-31 23:55:25.688 [info] > git rev-parse --show-toplevel [37ms]
2025-08-31 23:55:25.688 [info] fatal: not a git repository (or any parent up to mount point /)
Stopping at filesystem boundary (GIT_DISCOVERY_ACROSS_FILESYSTEM not set).
2025-08-31 23:55:25.688 [info] > git rev-parse --show-toplevel [29ms]
2025-08-31 23:55:25.688 [info] fatal: not a git repository (or any parent up to mount point /)
Stopping at filesystem boundary (GIT_DISCOVERY_ACROSS_FILESYSTEM not set).
2025-08-31 23:55:25.688 [info] [Model][doInitialScan] Initial repository scan completed - repositories (0), closed repositories (0), parent repositories (0), unsafe repositories (0)
2025-08-31 23:57:44.152 [info] > git rev-parse --show-toplevel [8ms]
2025-08-31 23:57:44.152 [info] fatal: not a git repository (or any parent up to mount point /)
Stopping at filesystem boundary (GIT_DISCOVERY_ACROSS_FILESYSTEM not set).
2025-08-31 23:58:38.006 [info] > git rev-parse --show-toplevel [5ms]
2025-08-31 23:58:38.007 [info] fatal: not a git repository (or any parent up to mount point /)
Stopping at filesystem boundary (GIT_DISCOVERY_ACROSS_FILESYSTEM not set).
2025-09-01 00:00:59.639 [info] > git rev-parse --show-toplevel [12ms]
2025-09-01 00:00:59.641 [info] fatal: not a git repository (or any parent up to mount point /)
Stopping at filesystem boundary (GIT_DISCOVERY_ACROSS_FILESYSTEM not set).
2025-09-01 00:11:50.856 [info] > git rev-parse --show-toplevel [5ms]
2025-09-01 00:11:50.856 [info] fatal: not a git repository (or any parent up to mount point /)
Stopping at filesystem boundary (GIT_DISCOVERY_ACROSS_FILESYSTEM not set).
2025-09-01 00:12:10.449 [info] > git rev-parse --show-toplevel [12ms]
2025-09-01 00:12:10.450 [info] fatal: not a git repository (or any parent up to mount point /)
Stopping at filesystem boundary (GIT_DISCOVERY_ACROSS_FILESYSTEM not set).
