2025-09-01 01:38:09.484 [info] Extension host with pid 1469 started
2025-09-01 01:38:09.484 [info] Skipping acquiring lock for /home/harry/.config/Code - OSS/User/workspaceStorage/d0b96659139d6486d261a045ec0fff90.
2025-09-01 01:38:09.560 [info] ExtensionService#_doActivateExtension vscode.emmet, startup: false, activationEvent: 'onLanguage'
2025-09-01 01:38:09.844 [info] ExtensionService#_doActivateExtension vscode.git-base, startup: true, activationEvent: '*', root cause: vscode.git
2025-09-01 01:38:09.900 [info] ExtensionService#_doActivateExtension vscode.git, startup: true, activationEvent: '*'
2025-09-01 01:38:10.351 [info] ExtensionService#_doActivateExtension vscode.github, startup: true, activationEvent: '*'
2025-09-01 01:38:11.229 [info] Eager extensions activated
2025-09-01 01:38:11.270 [info] ExtensionService#_doActivateExtension vscode.debug-auto-launch, startup: false, activationEvent: 'onStartupFinished'
2025-09-01 01:38:11.312 [info] ExtensionService#_doActivateExtension vscode.merge-conflict, startup: false, activationEvent: 'onStartupFinished'
2025-09-01 01:43:38.410 [info] Extension host terminating: renderer closed the MessagePort
2025-09-01 01:43:38.453 [info] Extension host with pid 1469 exiting with code 0
2025-09-01 01:43:46.019 [info] Extension host with pid 2027 started
2025-09-01 01:43:46.019 [info] Skipping acquiring lock for /home/harry/.config/Code - OSS/User/workspaceStorage/8967dd70b9c6cfe42ac8be194755c181.
2025-09-01 01:43:46.153 [info] ExtensionService#_doActivateExtension vscode.emmet, startup: false, activationEvent: 'onLanguage'
2025-09-01 01:43:46.829 [info] ExtensionService#_doActivateExtension vscode.git-base, startup: true, activationEvent: '*', root cause: vscode.git
2025-09-01 01:43:47.283 [info] ExtensionService#_doActivateExtension vscode.git, startup: true, activationEvent: '*'
2025-09-01 01:43:47.646 [info] ExtensionService#_doActivateExtension vscode.github, startup: true, activationEvent: '*'
2025-09-01 01:43:48.863 [info] Eager extensions activated
2025-09-01 01:43:49.000 [info] ExtensionService#_doActivateExtension vscode.debug-auto-launch, startup: false, activationEvent: 'onStartupFinished'
2025-09-01 01:43:49.031 [info] ExtensionService#_doActivateExtension vscode.merge-conflict, startup: false, activationEvent: 'onStartupFinished'
2025-09-01 01:44:05.245 [info] ExtensionService#_doActivateExtension vscode.configuration-editing, startup: false, activationEvent: 'onLanguage:json'
2025-09-01 01:44:05.312 [info] ExtensionService#_doActivateExtension vscode.extension-editing, startup: false, activationEvent: 'onLanguage:json'
2025-09-01 01:44:05.381 [info] ExtensionService#_doActivateExtension vscode.json-language-features, startup: false, activationEvent: 'onLanguage:json'
2025-09-01 01:44:05.893 [info] ExtensionService#_doActivateExtension vscode.npm, startup: false, activationEvent: 'onLanguage:json'
2025-09-01 01:44:10.996 [info] ExtensionService#_doActivateExtension vscode.css-language-features, startup: false, activationEvent: 'onLanguage:css'
